<?xml version="1.0" encoding="UTF-8"?><testsuite errors="1" failures="0" name="Login de usuario" skipped="0" tests="2" time="19.67" timestamp="2023-07-01 11:42:49"><testcase name="Loguear usuario de forma exitosa"><error message="Arity mismatch: Step Definition 'is.demo.serenity.stepDefinitions.LoginStepDefinitions.elUsuarioModifiqueLasCredencialesDeIngresoYDeClickEnBotonSingIn(DataTable) in file:/C:/Users/TulFer/Documents/PruebaGradle/DemoSerenity-POM/build/classes/java/test/' with pattern [^el usuario modifique las credenciales de ingreso y de click  en boton sing in$] is declared with 1 parameters. However, the gherkin step has 0 arguments []. &#10;Step text: el usuario modifique las credenciales de ingreso y de click  en boton sing in" type="cucumber.runtime.CucumberException">Arity mismatch: Step Definition 'is.demo.serenity.stepDefinitions.LoginStepDefinitions.elUsuarioModifiqueLasCredencialesDeIngresoYDeClickEnBotonSingIn(DataTable) in file:/C:/Users/TulFer/Documents/PruebaGradle/DemoSerenity-POM/build/classes/java/test/' with pattern [^el usuario modifique las credenciales de ingreso y de click  en boton sing in$] is declared with 1 parameters. However, the gherkin step has 0 arguments []. 
Step text: el usuario modifique las credenciales de ingreso y de click  en boton sing in</error><system-err>Arity mismatch: Step Definition 'is.demo.serenity.stepDefinitions.LoginStepDefinitions.elUsuarioModifiqueLasCredencialesDeIngresoYDeClickEnBotonSingIn(DataTable) in file:/C:/Users/TulFer/Documents/PruebaGradle/DemoSerenity-POM/build/classes/java/test/' with pattern [^el usuario modifique las credenciales de ingreso y de click  en boton sing in$] is declared with 1 parameters. However, the gherkin step has 0 arguments []. 
Step text: el usuario modifique las credenciales de ingreso y de click  en boton sing in&#13;
cucumber.runner.Runner.runPickle(Runner.java:80)&#13;
worker.org.gradle.process.internal.worker.GradleWorkerMain.run(GradleWorkerMain.java:69)&#13;
worker.org.gradle.process.internal.worker.GradleWorkerMain.main(GradleWorkerMain.java:74)&#13;
</system-err></testcase><testcase name="Escoger a un empleado de una Orden, y visualizar los cambios guardados"/></testsuite>